<?xml version="1.0" encoding="UTF-8"?>
<testng-results skipped="0" failed="0" total="1" passed="1">
  <reporter-output>
  </reporter-output>
  <suite name="Default suite" duration-ms="28673" started-at="2022-02-01T14:49:14Z" finished-at="2022-02-01T14:49:43Z">
    <groups>
    </groups>
    <test name="Default test" duration-ms="28673" started-at="2022-02-01T14:49:14Z" finished-at="2022-02-01T14:49:43Z">
      <class name="com.selenium.qa.test.tc01case">
        <test-method status="PASS" signature="initialisepagefactory()[pri:0, instance:com.selenium.qa.test.tc01case@282ba1e]" name="initialisepagefactory" is-config="true" duration-ms="21807" started-at="2022-02-01T20:19:14Z" finished-at="2022-02-01T20:19:36Z">
          <reporter-output>
          </reporter-output>
        </test-method> <!-- initialisepagefactory -->
        <test-method status="PASS" signature="tc01()[pri:0, instance:com.selenium.qa.test.tc01case@282ba1e]" name="tc01" duration-ms="6141" started-at="2022-02-01T20:19:36Z" finished-at="2022-02-01T20:19:42Z">
          <reporter-output>
          </reporter-output>
        </test-method> <!-- tc01 -->
        <test-method status="PASS" signature="closebrowser()[pri:0, instance:com.selenium.qa.test.tc01case@282ba1e]" name="closebrowser" is-config="true" duration-ms="672" started-at="2022-02-01T20:19:42Z" finished-at="2022-02-01T20:19:43Z">
          <reporter-output>
          </reporter-output>
        </test-method> <!-- closebrowser -->
      </class> <!-- com.selenium.qa.test.tc01case -->
    </test> <!-- Default test -->
  </suite> <!-- Default suite -->
</testng-results>
